<?xml version="1.0" encoding="UTF-8"?>
<testng-results skipped="0" failed="0" total="3" passed="3">
  <reporter-output>
  </reporter-output>
  <suite name="Default suite" duration-ms="88" started-at="2023-09-11T15:10:45Z" finished-at="2023-09-11T15:10:45Z">
    <groups>
    </groups>
    <test name="Default test" duration-ms="88" started-at="2023-09-11T15:10:45Z" finished-at="2023-09-11T15:10:45Z">
      <class name="org.test.Sample2">
        <test-method status="PASS" signature="beforealltc()[pri:0, instance:org.test.Sample2@668bc3d5]" name="beforealltc" is-config="true" duration-ms="27" started-at="2023-09-11T20:40:45Z" finished-at="2023-09-11T20:40:45Z">
          <reporter-output>
          </reporter-output>
        </test-method> <!-- beforealltc -->
        <test-method status="PASS" signature="tc1()[pri:0, instance:org.test.Sample2@668bc3d5]" name="tc1" duration-ms="15" started-at="2023-09-11T20:40:45Z" finished-at="2023-09-11T20:40:45Z">
          <reporter-output>
          </reporter-output>
        </test-method> <!-- tc1 -->
        <test-method status="PASS" signature="beforetc()[pri:0, instance:org.test.Sample2@668bc3d5]" name="beforetc" is-config="true" duration-ms="0" started-at="2023-09-11T20:40:45Z" finished-at="2023-09-11T20:40:45Z">
          <reporter-output>
          </reporter-output>
        </test-method> <!-- beforetc -->
        <test-method status="PASS" signature="aftertc()[pri:0, instance:org.test.Sample2@668bc3d5]" name="aftertc" is-config="true" duration-ms="0" started-at="2023-09-11T20:40:45Z" finished-at="2023-09-11T20:40:45Z">
          <reporter-output>
          </reporter-output>
        </test-method> <!-- aftertc -->
        <test-method status="PASS" signature="tc2()[pri:0, instance:org.test.Sample2@668bc3d5]" name="tc2" duration-ms="2" started-at="2023-09-11T20:40:45Z" finished-at="2023-09-11T20:40:45Z">
          <reporter-output>
          </reporter-output>
        </test-method> <!-- tc2 -->
        <test-method status="PASS" signature="beforetc()[pri:0, instance:org.test.Sample2@668bc3d5]" name="beforetc" is-config="true" duration-ms="0" started-at="2023-09-11T20:40:45Z" finished-at="2023-09-11T20:40:45Z">
          <reporter-output>
          </reporter-output>
        </test-method> <!-- beforetc -->
        <test-method status="PASS" signature="aftertc()[pri:0, instance:org.test.Sample2@668bc3d5]" name="aftertc" is-config="true" duration-ms="1" started-at="2023-09-11T20:40:45Z" finished-at="2023-09-11T20:40:45Z">
          <reporter-output>
          </reporter-output>
        </test-method> <!-- aftertc -->
        <test-method status="PASS" signature="beforetc()[pri:0, instance:org.test.Sample2@668bc3d5]" name="beforetc" is-config="true" duration-ms="1" started-at="2023-09-11T20:40:45Z" finished-at="2023-09-11T20:40:45Z">
          <reporter-output>
          </reporter-output>
        </test-method> <!-- beforetc -->
        <test-method status="PASS" signature="tc3()[pri:0, instance:org.test.Sample2@668bc3d5]" name="tc3" duration-ms="1" started-at="2023-09-11T20:40:45Z" finished-at="2023-09-11T20:40:45Z">
          <reporter-output>
          </reporter-output>
        </test-method> <!-- tc3 -->
        <test-method status="PASS" signature="aftertc()[pri:0, instance:org.test.Sample2@668bc3d5]" name="aftertc" is-config="true" duration-ms="1" started-at="2023-09-11T20:40:45Z" finished-at="2023-09-11T20:40:45Z">
          <reporter-output>
          </reporter-output>
        </test-method> <!-- aftertc -->
        <test-method status="PASS" signature="afterAllTc()[pri:0, instance:org.test.Sample2@668bc3d5]" name="afterAllTc" is-config="true" duration-ms="0" started-at="2023-09-11T20:40:45Z" finished-at="2023-09-11T20:40:45Z">
          <reporter-output>
          </reporter-output>
        </test-method> <!-- afterAllTc -->
      </class> <!-- org.test.Sample2 -->
    </test> <!-- Default test -->
  </suite> <!-- Default suite -->
</testng-results>
